<?xml version="1.0" encoding="UTF-8"?>
<!-- Generated by org.testng.reporters.JUnitReportReporter -->
<testsuite hostname="Gurpreet" failures="0" tests="1" name="com.luma.pageTest.CustomerLoginTest" time="89.390" errors="0" timestamp="2025-01-17T00:21:15 EST" skipped="0">
  <testcase classname="com.luma.pageTest.CustomerLoginTest" name="cstmrLogin" time="89.390"/>
</testsuite> <!-- com.luma.pageTest.CustomerLoginTest -->
