<?xml version="1.0" encoding="UTF-8"?>
<!-- Generated by org.testng.reporters.JUnitReportReporter -->
<testsuite hostname="Gurpreet" failures="0" tests="1" name="com.luma.pageTest.CreateNewCustomerAccountTest" time="57.226" errors="0" timestamp="2025-01-06T00:33:35 EST" skipped="0">
  <testcase classname="com.luma.pageTest.CreateNewCustomerAccountTest" name="verifyCreateAccountLinkOnHomePage" time="57.226"/>
</testsuite> <!-- com.luma.pageTest.CreateNewCustomerAccountTest -->
